
Showing logs for build [32mcb-kubecd-environment-pr-202-6-wgr2l-1[0m stage [32mfrom-build-pack[0m and container [32mstep-credential-initializer-zcm87[0m
{"level":"info","ts":1587011834.810041,"logger":"fallback-logger","caller":"logging/config.go:69","msg":"Fetch GitHub commit ID from kodata failed: open /var/run/ko/refs/heads/0.8.0-ns-support: no such file or directory"}
{"level":"info","ts":1587011834.8271213,"logger":"fallback-logger","caller":"creds-init/main.go:40","msg":"Credentials initialized."}

Showing logs for build [32mcb-kubecd-environment-pr-202-6-wgr2l-1[0m stage [32mfrom-build-pack[0m and container [32mstep-working-dir-initializer-j7qjt[0m
{"level":"info","ts":1587011836.5588055,"logger":"fallback-logger","caller":"logging/config.go:69","msg":"Fetch GitHub commit ID from kodata failed: open /var/run/ko/HEAD: no such file or directory"}
{"level":"info","ts":1587011836.612109,"logger":"fallback-logger","caller":"bash/main.go:64","msg":"Successfully executed command \"sh -c mkdir -p /workspace/source\"; output "}

Showing logs for build [32mcb-kubecd-environment-pr-202-6-wgr2l-1[0m stage [32mfrom-build-pack[0m and container [32mstep-place-tools[0m

Showing logs for build [32mcb-kubecd-environment-pr-202-6-wgr2l-1[0m stage [32mfrom-build-pack[0m and container [32mstep-git-source-cb-kubecd-environment-pr-202-6-wgr2l-n67hl[0m
{"level":"info","ts":1587011842.5400796,"logger":"fallback-logger","caller":"logging/config.go:69","msg":"Fetch GitHub commit ID from kodata failed: open /var/run/ko/refs/heads/0.8.0-ns-support: no such file or directory"}
{"level":"info","ts":1587011843.6934798,"logger":"fallback-logger","caller":"git/git.go:103","msg":"Successfully cloned https://github.com/cb-kubecd/environment-pr-202-6-boot-vault-gke-staging.git @ master in path /workspace/source"}

Showing logs for build [32mcb-kubecd-environment-pr-202-6-wgr2l-1[0m stage [32mfrom-build-pack[0m and container [32mstep-git-merge[0m
Using SHAs from PULL_REFS=master:bec5b00f62638dc5b0c638035707070145a20a5b,1:a8799e4ef238e1161add0e0351325a34ad37b310
DEBUG: LC_ALL=C JX_LOG_LEVEL=error git fetch origin --unshallow a8799e4ef238e1161add0e0351325a34ad37b310: bec5b00f62638dc5b0c638035707070145a20a5b:
DEBUG: ran git fetch --unshallow origin a8799e4ef238e1161add0e0351325a34ad37b310: bec5b00f62638dc5b0c638035707070145a20a5b: in 
DEBUG: JX_LOG_LEVEL=error LC_ALL=C git branch
DEBUG: LC_ALL=C JX_LOG_LEVEL=error git checkout master
DEBUG: ran git checkout master in 
DEBUG: LC_ALL=C JX_LOG_LEVEL=error git reset --hard bec5b00f62638dc5b0c638035707070145a20a5b
DEBUG: ran git reset --hard bec5b00f62638dc5b0c638035707070145a20a5b in 
DEBUG: LC_ALL=C JX_LOG_LEVEL=error git clean -fd .
DEBUG: ran clean --force -d . in 
DEBUG: LC_ALL=C JX_LOG_LEVEL=error git merge a8799e4ef238e1161add0e0351325a34ad37b310
DEBUG: ran git merge a8799e4ef238e1161add0e0351325a34ad37b310 in 
DEBUG: LC_ALL=C JX_LOG_LEVEL=error git log --format=%H%x1f%an%x1f%ae%x1f%cn%x1f%ce%x1f%s%n%b%x1e bec5b00f62638dc5b0c638035707070145a20a5b..HEAD
Merged SHA a8799e4ef238e1161add0e0351325a34ad37b310 with commit message 'chore: Promote bdd-spring-1587011456 to version 0.0.1' into base branch master

Showing logs for build [32mcb-kubecd-environment-pr-202-6-wgr2l-1[0m stage [32mfrom-build-pack[0m and container [32mstep-build-helm-build[0m
WARNING: No $CHART_REPOSITORY defined so using the default value of: http://jenkins-x-chartmuseum:8080
Adding missing Helm repo: storage.googleapis.com https://storage.googleapis.com/chartmuseum.jenkins-x.io
WARNING: No secrets found on "helm/repos" due: reading the secret "helm/repos" from vault: no secret "helm/repos" not found in vault
Read credentials for https://storage.googleapis.com/chartmuseum.jenkins-x.io from vault helm/repos
Successfully added Helm repository storage.googleapis.com.
Adding missing Helm repo: jenkins-x-chartmuseum http://jenkins-x-chartmuseum:8080
WARNING: No secrets found on "helm/repos" due: reading the secret "helm/repos" from vault: no secret "helm/repos" not found in vault
Read credentials for http://jenkins-x-chartmuseum:8080 from vault helm/repos
Successfully added Helm repository jenkins-x-chartmuseum.
WARNING: No $CHART_REPOSITORY defined so using the default value of: http://jenkins-x-chartmuseum:8080
Adding missing Helm repo: chartmuseum.jenkins-x.io http://chartmuseum.jenkins-x.io
WARNING: No secrets found on "helm/repos" due: reading the secret "helm/repos" from vault: no secret "helm/repos" not found in vault
Read credentials for http://chartmuseum.jenkins-x.io from vault helm/repos
Successfully added Helm repository chartmuseum.jenkins-x.io.
